#
# There is insufficient memory for the Java Runtime Environment to continue.
# Native memory allocation (malloc) failed to allocate 1467536 bytes for Chunk::new
# Possible reasons:
#   The system is out of physical RAM or swap space
#   The process is running with CompressedOops enabled, and the Java Heap may be blocking the growth of the native heap
# Possible solutions:
#   Reduce memory load on the system
#   Increase physical memory or swap space
#   Check if swap backing store is full
#   Decrease Java heap size (-Xmx/-Xms)
#   Decrease number of Java threads
#   Decrease Java thread stack sizes (-Xss)
#   Set larger code cache with -XX:ReservedCodeCacheSize=
#   JVM is running with Unscaled Compressed Oops mode in which the Java heap is
#     placed in the first 4GB address space. The Java Heap base address is the
#     maximum limit for the native heap growth. Please use -XX:HeapBaseMinAddress
#     to set the Java Heap base and to place the Java Heap above 4GB virtual address.
# This output file may be truncated or incomplete.
#
#  Out of Memory Error (allocation.cpp:389), pid=8220, tid=0x00000000000049f0
#
# JRE version: OpenJDK Runtime Environment (8.0_242-b01) (build 1.8.0_242-release-1644-b01)
# Java VM: OpenJDK 64-Bit Server VM (25.242-b01 mixed mode windows-amd64 compressed oops)
# Failed to write core dump. Minidumps are not enabled by default on client versions of Windows
#

---------------  T H R E A D  ---------------

Current thread (0x00000000181b6800):  JavaThread "C2 CompilerThread1" daemon [_thread_in_native, id=18928, stack(0x0000000018b80000,0x0000000018c80000)]

Stack: [0x0000000018b80000,0x0000000018c80000]
[error occurred during error reporting (printing stack bounds), id 0xc0000005]

Native frames: (J=compiled Java code, j=interpreted, Vv=VM code, C=native code)


Current CompileTask:
C2:   5622 2039       4       groovy.lang.MetaClassImpl$1MOPIter::methodNameAction (325 bytes)


---------------  P R O C E S S  ---------------

Java Threads: ( => current thread )
  0x00000000191cd000 JavaThread "Cache worker for file hash cache (D:\United Application\United_Mobile_Application\united_app\android\.gradle\5.6.2\fileHashes)" [_thread_blocked, id=3036, stack(0x000000001e070000,0x000000001e170000)]
  0x00000000191c7000 JavaThread "Cache worker for journal cache (C:\Users\ali_a\.gradle\caches\journal-1)" [_thread_blocked, id=15636, stack(0x000000001cda0000,0x000000001cea0000)]
  0x00000000191c8800 JavaThread "File lock request listener" [_thread_in_native, id=7700, stack(0x000000001cca0000,0x000000001cda0000)]
  0x0000000019150000 JavaThread "Cache worker for file hash cache (C:\Users\ali_a\.gradle\caches\5.6.2\fileHashes)" [_thread_blocked, id=21208, stack(0x000000001cba0000,0x000000001cca0000)]
  0x000000001ac1f800 JavaThread "Thread-9" [_thread_blocked, id=12508, stack(0x000000001caa0000,0x000000001cba0000)]
  0x000000001ac00000 JavaThread "Stdin handler" [_thread_blocked, id=14280, stack(0x000000001c9a0000,0x000000001caa0000)]
  0x000000001ac01800 JavaThread "Asynchronous log dispatcher for DefaultDaemonConnection: socket connection from /127.0.0.1:60892 to /127.0.0.1:60893" [_thread_blocked, id=6972, stack(0x000000001c7a0000,0x000000001c8a0000)]
  0x000000001abf4800 JavaThread "Daemon worker" [_thread_in_vm, id=12940, stack(0x000000001c4a0000,0x000000001c5a0000)]
  0x000000001abd9000 JavaThread "Cancel handler" [_thread_blocked, id=27512, stack(0x000000001c3a0000,0x000000001c4a0000)]
  0x000000001abd5800 JavaThread "Handler for socket connection from /127.0.0.1:60892 to /127.0.0.1:60893" [_thread_in_native, id=17036, stack(0x000000001c2a0000,0x000000001c3a0000)]
  0x000000001abd2800 JavaThread "Daemon" [_thread_blocked, id=22404, stack(0x000000001c1a0000,0x000000001c2a0000)]
  0x000000001ab75800 JavaThread "Daemon periodic checks" [_thread_blocked, id=15340, stack(0x000000001c0a0000,0x000000001c1a0000)]
  0x000000001ab74000 JavaThread "Incoming local TCP Connector on port 60892" [_thread_in_native, id=19988, stack(0x000000001be60000,0x000000001bf60000)]
  0x000000001aa57800 JavaThread "Daemon health stats" [_thread_blocked, id=10996, stack(0x000000001b820000,0x000000001b920000)]
  0x0000000018250000 JavaThread "Service Thread" daemon [_thread_blocked, id=21524, stack(0x0000000018e80000,0x0000000018f80000)]
  0x00000000181ca800 JavaThread "C1 CompilerThread3" daemon [_thread_blocked, id=27320, stack(0x0000000018d80000,0x0000000018e80000)]
  0x00000000181c5800 JavaThread "C2 CompilerThread2" daemon [_thread_in_native, id=3620, stack(0x0000000018c80000,0x0000000018d80000)]
=>0x00000000181b6800 JavaThread "C2 CompilerThread1" daemon [_thread_in_native, id=18928, stack(0x0000000018b80000,0x0000000018c80000)]
  0x00000000181b2800 JavaThread "C2 CompilerThread0" daemon [_thread_in_native, id=28396, stack(0x0000000018a80000,0x0000000018b80000)]
  0x00000000181b1000 JavaThread "Attach Listener" daemon [_thread_blocked, id=18220, stack(0x0000000018980000,0x0000000018a80000)]
  0x00000000181b0000 JavaThread "Signal Dispatcher" daemon [_thread_blocked, id=25436, stack(0x0000000018880000,0x0000000018980000)]
  0x00000000181a1800 JavaThread "Finalizer" daemon [_thread_blocked, id=27676, stack(0x0000000018680000,0x0000000018780000)]
  0x00000000025d8000 JavaThread "Reference Handler" daemon [_thread_blocked, id=16408, stack(0x0000000018580000,0x0000000018680000)]
  0x00000000023de800 JavaThread "main" [_thread_blocked, id=11480, stack(0x00000000023e0000,0x00000000024e0000)]

Other Threads:
  0x0000000016397000 VMThread [stack: 0x0000000018080000,0x0000000018180000] [id=19168]
  0x0000000018253800 WatcherThread [stack: 0x0000000018f80000,0x0000000019080000] [id=28288]

VM state:not at safepoint (normal execution)

VM Mutex/Monitor currently owned by a thread: None

heap address: 0x00000000a0000000, size: 1536 MB, Compressed Oops mode: 32-bit
Narrow klass base: 0x0000000000000000, Narrow klass shift: 3
Compressed class space size: 1073741824 Address: 0x0000000100000000

Heap:
 PSYoungGen      total 67072K, used 48004K [0x00000000e0000000, 0x00000000e4a80000, 0x0000000100000000)
  eden space 57856K, 70% used [0x00000000e0000000,0x00000000e279c698,0x00000000e3880000)
  from space 9216K, 80% used [0x00000000e3880000,0x00000000e3fc4b88,0x00000000e4180000)
  to   space 9216K, 0% used [0x00000000e4180000,0x00000000e4180000,0x00000000e4a80000)
 ParOldGen       total 94720K, used 8945K [0x00000000a0000000, 0x00000000a5c80000, 0x00000000e0000000)
  object space 94720K, 9% used [0x00000000a0000000,0x00000000a08bc540,0x00000000a5c80000)
 Metaspace       used 29539K, capacity 30030K, committed 30256K, reserved 1075200K
  class space    used 3990K, capacity 4143K, committed 4144K, reserved 1048576K

Card table byte_map: [0x00000000119a0000,0x0000000011cb0000] byte_map_base: 0x00000000114a0000

Marking Bits: (ParMarkBitMap*) 0x000000005bb3f030
 Begin Bits: [0x00000000126b0000, 0x0000000013eb0000)
 End Bits:   [0x0000000013eb0000, 0x00000000156b0000)

Polling page: 0x0000000000710000

CodeCache: size=245760Kb used=9791Kb max_used=9791Kb free=235968Kb
 bounds [0x00000000025e0000, 0x0000000002f80000, 0x00000000115e0000]
 total_blobs=3121 nmethods=2428 adapters=605
 compilation: enabled

Compilation events (10 events):
Event: 5.611 Thread 0x00000000181ca800 2435       1       org.gradle.internal.instantiation.AbstractClassGenerator$PropertyMetadata::getOverridableSetters (5 bytes)
Event: 5.611 Thread 0x00000000181ca800 nmethod 2435 0x0000000002f68990 code [0x0000000002f68ae0, 0x0000000002f68bf0]
Event: 5.611 Thread 0x00000000181ca800 2436       3       org.objectweb.asm.Type::getOpcode (284 bytes)
Event: 5.611 Thread 0x00000000181ca800 nmethod 2436 0x0000000002f68c50 code [0x0000000002f68e60, 0x0000000002f69758]
Event: 5.611 Thread 0x00000000181ca800 2437       1       com.google.common.collect.LinkedHashMultimap$ValueSet::access$000 (5 bytes)
Event: 5.611 Thread 0x00000000181ca800 nmethod 2437 0x0000000002f69ad0 code [0x0000000002f69c20, 0x0000000002f69d10]
Event: 5.614 Thread 0x00000000181ca800 2439       3       com.google.common.base.Preconditions::checkArgument (17 bytes)
Event: 5.615 Thread 0x00000000181ca800 nmethod 2439 0x0000000002f6a150 code [0x0000000002f6a2e0, 0x0000000002f6a678]
Event: 5.615 Thread 0x00000000181ca800 2440       3       com.google.common.collect.Hashing::closedTableSize (37 bytes)
Event: 5.615 Thread 0x00000000181ca800 nmethod 2440 0x0000000002f6a7d0 code [0x0000000002f6a960, 0x0000000002f6ac68]

GC Heap History (10 events):
Event: 3.014 GC heap before
{Heap before GC invocations=2 (full 0):
 PSYoungGen      total 67072K, used 63194K [0x00000000e0000000, 0x00000000e4a80000, 0x0000000100000000)
  eden space 57856K, 100% used [0x00000000e0000000,0x00000000e3880000,0x00000000e3880000)
  from space 9216K, 57% used [0x00000000e3880000,0x00000000e3db6908,0x00000000e4180000)
  to   space 9216K, 0% used [0x00000000e4180000,0x00000000e4180000,0x00000000e4a80000)
 ParOldGen       total 153088K, used 8K [0x00000000a0000000, 0x00000000a9580000, 0x00000000e0000000)
  object space 153088K, 0% used [0x00000000a0000000,0x00000000a0002000,0x00000000a9580000)
 Metaspace       used 13037K, capacity 13432K, committed 13696K, reserved 1060864K
  class space    used 1789K, capacity 1904K, committed 1920K, reserved 1048576K
Event: 3.022 GC heap after
Heap after GC invocations=2 (full 0):
 PSYoungGen      total 67072K, used 7968K [0x00000000e0000000, 0x00000000e4a80000, 0x0000000100000000)
  eden space 57856K, 0% used [0x00000000e0000000,0x00000000e0000000,0x00000000e3880000)
  from space 9216K, 86% used [0x00000000e4180000,0x00000000e4948080,0x00000000e4a80000)
  to   space 9216K, 0% used [0x00000000e3880000,0x00000000e3880000,0x00000000e4180000)
 ParOldGen       total 153088K, used 16K [0x00000000a0000000, 0x00000000a9580000, 0x00000000e0000000)
  object space 153088K, 0% used [0x00000000a0000000,0x00000000a0004000,0x00000000a9580000)
 Metaspace       used 13037K, capacity 13432K, committed 13696K, reserved 1060864K
  class space    used 1789K, capacity 1904K, committed 1920K, reserved 1048576K
}
Event: 3.779 GC heap before
{Heap before GC invocations=3 (full 0):
 PSYoungGen      total 67072K, used 65824K [0x00000000e0000000, 0x00000000e4a80000, 0x0000000100000000)
  eden space 57856K, 100% used [0x00000000e0000000,0x00000000e3880000,0x00000000e3880000)
  from space 9216K, 86% used [0x00000000e4180000,0x00000000e4948080,0x00000000e4a80000)
  to   space 9216K, 0% used [0x00000000e3880000,0x00000000e3880000,0x00000000e4180000)
 ParOldGen       total 153088K, used 16K [0x00000000a0000000, 0x00000000a9580000, 0x00000000e0000000)
  object space 153088K, 0% used [0x00000000a0000000,0x00000000a0004000,0x00000000a9580000)
 Metaspace       used 17828K, capacity 18152K, committed 18432K, reserved 1064960K
  class space    used 2569K, capacity 2694K, committed 2816K, reserved 1048576K
Event: 3.788 GC heap after
Heap after GC invocations=3 (full 0):
 PSYoungGen      total 67072K, used 9210K [0x00000000e0000000, 0x00000000e4a80000, 0x0000000100000000)
  eden space 57856K, 0% used [0x00000000e0000000,0x00000000e0000000,0x00000000e3880000)
  from space 9216K, 99% used [0x00000000e3880000,0x00000000e417eb80,0x00000000e4180000)
  to   space 9216K, 0% used [0x00000000e4180000,0x00000000e4180000,0x00000000e4a80000)
 ParOldGen       total 153088K, used 1203K [0x00000000a0000000, 0x00000000a9580000, 0x00000000e0000000)
  object space 153088K, 0% used [0x00000000a0000000,0x00000000a012ccb8,0x00000000a9580000)
 Metaspace       used 17828K, capacity 18152K, committed 18432K, reserved 1064960K
  class space    used 2569K, capacity 2694K, committed 2816K, reserved 1048576K
}
Event: 4.121 GC heap before
{Heap before GC invocations=4 (full 0):
 PSYoungGen      total 67072K, used 30757K [0x00000000e0000000, 0x00000000e4a80000, 0x0000000100000000)
  eden space 57856K, 37% used [0x00000000e0000000,0x00000000e150aaf8,0x00000000e3880000)
  from space 9216K, 99% used [0x00000000e3880000,0x00000000e417eb80,0x00000000e4180000)
  to   space 9216K, 0% used [0x00000000e4180000,0x00000000e4180000,0x00000000e4a80000)
 ParOldGen       total 153088K, used 1203K [0x00000000a0000000, 0x00000000a9580000, 0x00000000e0000000)
  object space 153088K, 0% used [0x00000000a0000000,0x00000000a012ccb8,0x00000000a9580000)
 Metaspace       used 20712K, capacity 21046K, committed 21296K, reserved 1067008K
  class space    used 2919K, capacity 3081K, committed 3120K, reserved 1048576K
Event: 4.129 GC heap after
Heap after GC invocations=4 (full 0):
 PSYoungGen      total 67072K, used 9153K [0x00000000e0000000, 0x00000000e4a80000, 0x0000000100000000)
  eden space 57856K, 0% used [0x00000000e0000000,0x00000000e0000000,0x00000000e3880000)
  from space 9216K, 99% used [0x00000000e4180000,0x00000000e4a70680,0x00000000e4a80000)
  to   space 9216K, 0% used [0x00000000e3880000,0x00000000e3880000,0x00000000e4180000)
 ParOldGen       total 153088K, used 1211K [0x00000000a0000000, 0x00000000a9580000, 0x00000000e0000000)
  object space 153088K, 0% used [0x00000000a0000000,0x00000000a012ecb8,0x00000000a9580000)
 Metaspace       used 20712K, capacity 21046K, committed 21296K, reserved 1067008K
  class space    used 2919K, capacity 3081K, committed 3120K, reserved 1048576K
}
Event: 4.129 GC heap before
{Heap before GC invocations=5 (full 1):
 PSYoungGen      total 67072K, used 9153K [0x00000000e0000000, 0x00000000e4a80000, 0x0000000100000000)
  eden space 57856K, 0% used [0x00000000e0000000,0x00000000e0000000,0x00000000e3880000)
  from space 9216K, 99% used [0x00000000e4180000,0x00000000e4a70680,0x00000000e4a80000)
  to   space 9216K, 0% used [0x00000000e3880000,0x00000000e3880000,0x00000000e4180000)
 ParOldGen       total 153088K, used 1211K [0x00000000a0000000, 0x00000000a9580000, 0x00000000e0000000)
  object space 153088K, 0% used [0x00000000a0000000,0x00000000a012ecb8,0x00000000a9580000)
 Metaspace       used 20712K, capacity 21046K, committed 21296K, reserved 1067008K
  class space    used 2919K, capacity 3081K, committed 3120K, reserved 1048576K
Event: 4.167 GC heap after
Heap after GC invocations=5 (full 1):
 PSYoungGen      total 67072K, used 0K [0x00000000e0000000, 0x00000000e4a80000, 0x0000000100000000)
  eden space 57856K, 0% used [0x00000000e0000000,0x00000000e0000000,0x00000000e3880000)
  from space 9216K, 0% used [0x00000000e4180000,0x00000000e4180000,0x00000000e4a80000)
  to   space 9216K, 0% used [0x00000000e3880000,0x00000000e3880000,0x00000000e4180000)
 ParOldGen       total 94720K, used 8937K [0x00000000a0000000, 0x00000000a5c80000, 0x00000000e0000000)
  object space 94720K, 9% used [0x00000000a0000000,0x00000000a08ba540,0x00000000a5c80000)
 Metaspace       used 20712K, capacity 21046K, committed 21296K, reserved 1067008K
  class space    used 2919K, capacity 3081K, committed 3120K, reserved 1048576K
}
Event: 5.165 GC heap before
{Heap before GC invocations=6 (full 1):
 PSYoungGen      total 67072K, used 57856K [0x00000000e0000000, 0x00000000e4a80000, 0x0000000100000000)
  eden space 57856K, 100% used [0x00000000e0000000,0x00000000e3880000,0x00000000e3880000)
  from space 9216K, 0% used [0x00000000e4180000,0x00000000e4180000,0x00000000e4a80000)
  to   space 9216K, 0% used [0x00000000e3880000,0x00000000e3880000,0x00000000e4180000)
 ParOldGen       total 94720K, used 8937K [0x00000000a0000000, 0x00000000a5c80000, 0x00000000e0000000)
  object space 94720K, 9% used [0x00000000a0000000,0x00000000a08ba540,0x00000000a5c80000)
 Metaspace       used 27261K, capacity 27700K, committed 27952K, reserved 1073152K
  class space    used 3695K, capacity 3842K, committed 3888K, reserved 1048576K
Event: 5.171 GC heap after
Heap after GC invocations=6 (full 1):
 PSYoungGen      total 67072K, used 7442K [0x00000000e0000000, 0x00000000e4a80000, 0x0000000100000000)
  eden space 57856K, 0% used [0x00000000e0000000,0x00000000e0000000,0x00000000e3880000)
  from space 9216K, 80% used [0x00000000e3880000,0x00000000e3fc4b88,0x00000000e4180000)
  to   space 9216K, 0% used [0x00000000e4180000,0x00000000e4180000,0x00000000e4a80000)
 ParOldGen       total 94720K, used 8945K [0x00000000a0000000, 0x00000000a5c80000, 0x00000000e0000000)
  object space 94720K, 9% used [0x00000000a0000000,0x00000000a08bc540,0x00000000a5c80000)
 Metaspace       used 27261K, capacity 27700K, committed 27952K, reserved 1073152K
  class space    used 3695K, capacity 3842K, committed 3888K, reserved 1048576K
}

Deoptimization events (10 events):
Event: 4.826 Thread 0x000000001abf4800 Uncommon trap: reason=unstable_if action=reinterpret pc=0x0000000002b27534 method=java.io.WinNTFileSystem.normalize(Ljava/lang/String;II)Ljava/lang/String; @ 103
Event: 4.827 Thread 0x000000001abf4800 Uncommon trap: reason=unstable_if action=reinterpret pc=0x0000000002821030 method=java.io.WinNTFileSystem.normalize(Ljava/lang/String;II)Ljava/lang/String; @ 103
Event: 4.965 Thread 0x000000001abf4800 Uncommon trap: reason=unstable_if action=reinterpret pc=0x0000000002a77640 method=java.util.HashMap.hash(Ljava/lang/Object;)I @ 1
Event: 5.079 Thread 0x000000001abf4800 Uncommon trap: reason=unstable_if action=reinterpret pc=0x000000000287ac2c method=java.util.HashMap.getNode(ILjava/lang/Object;)Ljava/util/HashMap$Node; @ 53
Event: 5.080 Thread 0x000000001abf4800 Uncommon trap: reason=unstable_if action=reinterpret pc=0x0000000002a30230 method=java.util.HashMap.hash(Ljava/lang/Object;)I @ 1
Event: 5.132 Thread 0x000000001abf4800 Uncommon trap: reason=unstable_if action=reinterpret pc=0x00000000028b5e70 method=java.util.LinkedHashMap.afterNodeInsertion(Z)V @ 1
Event: 5.172 Thread 0x00000000025d8000 Uncommon trap: reason=unstable_if action=reinterpret pc=0x0000000002b54c0c method=java.lang.ref.Reference.tryHandlePending(Z)Z @ 104
Event: 5.267 Thread 0x000000001abf4800 Uncommon trap: reason=unstable_if action=reinterpret pc=0x0000000002ec8d2c method=org.gradle.internal.reflect.PropertyAccessorType.isGetGetterName(Ljava/lang/String;)Z @ 14
Event: 5.454 Thread 0x000000001abf4800 Uncommon trap: reason=unstable_if action=reinterpret pc=0x0000000002e2a974 method=org.codehaus.groovy.runtime.metaclass.MetaMethodIndex.addMethodToList(Ljava/lang/Object;Lgroovy/lang/MetaMethod;)Ljava/lang/Object; @ 226
Event: 5.500 Thread 0x000000001abf4800 Uncommon trap: reason=unstable_if action=reinterpret pc=0x000000000288291c method=java.io.WinNTFileSystem.resolve(Ljava/lang/String;Ljava/lang/String;)Ljava/lang/String; @ 49

Classes redefined (0 events):
No events

Internal exceptions (10 events):
Event: 5.567 Thread 0x000000001abf4800 Exception <a 'java/lang/ClassNotFoundException': org/gradle/api/internal/artifacts/DefaultArtifactRepositoryContainerBeanInfo> (0x00000000e207be20) thrown at [C:\src\AOSP-openjdk-git\hotspot\src\share\vm\classfile\systemDictionary.cpp, line 210]
Event: 5.568 Thread 0x000000001abf4800 Exception <a 'java/lang/ClassNotFoundException': org/gradle/api/internal/DefaultNamedDomainObjectListBeanInfo> (0x00000000e20af0b8) thrown at [C:\src\AOSP-openjdk-git\hotspot\src\share\vm\classfile\systemDictionary.cpp, line 210]
Event: 5.569 Thread 0x000000001abf4800 Exception <a 'java/lang/ClassNotFoundException': org/gradle/api/internal/DefaultNamedDomainObjectCollectionBeanInfo> (0x00000000e20e45f8) thrown at [C:\src\AOSP-openjdk-git\hotspot\src\share\vm\classfile\systemDictionary.cpp, line 210]
Event: 5.571 Thread 0x000000001abf4800 Exception <a 'java/lang/ClassNotFoundException': org/gradle/api/internal/DefaultDomainObjectCollectionBeanInfo> (0x00000000e2118630) thrown at [C:\src\AOSP-openjdk-git\hotspot\src\share\vm\classfile\systemDictionary.cpp, line 210]
Event: 5.573 Thread 0x000000001abf4800 Exception <a 'java/lang/ClassNotFoundException': org/gradle/api/internal/DefaultDomainObjectCollectionCustomizer> (0x00000000e21ddbe8) thrown at [C:\src\AOSP-openjdk-git\hotspot\src\share\vm\classfile\systemDictionary.cpp, line 210]
Event: 5.575 Thread 0x000000001abf4800 Exception <a 'java/lang/ClassNotFoundException': org/gradle/api/internal/DefaultNamedDomainObjectCollectionCustomizer> (0x00000000e223b948) thrown at [C:\src\AOSP-openjdk-git\hotspot\src\share\vm\classfile\systemDictionary.cpp, line 210]
Event: 5.578 Thread 0x000000001abf4800 Exception <a 'java/lang/ClassNotFoundException': org/gradle/api/internal/DefaultNamedDomainObjectListCustomizer> (0x00000000e22af298) thrown at [C:\src\AOSP-openjdk-git\hotspot\src\share\vm\classfile\systemDictionary.cpp, line 210]
Event: 5.581 Thread 0x000000001abf4800 Exception <a 'java/lang/ClassNotFoundException': org/gradle/api/internal/artifacts/DefaultArtifactRepositoryContainerCustomizer> (0x00000000e2323c68) thrown at [C:\src\AOSP-openjdk-git\hotspot\src\share\vm\classfile\systemDictionary.cpp, line 210]
Event: 5.582 Thread 0x000000001abf4800 Exception <a 'java/lang/ClassNotFoundException': org/gradle/api/internal/artifacts/dsl/DefaultRepositoryHandlerCustomizer> (0x00000000e23896f8) thrown at [C:\src\AOSP-openjdk-git\hotspot\src\share\vm\classfile\systemDictionary.cpp, line 210]
Event: 5.584 Thread 0x000000001abf4800 Exception <a 'java/lang/ClassNotFoundException': org/gradle/api/internal/artifacts/dsl/DefaultRepositoryHandler_DecoratedCustomizer> (0x00000000e2405898) thrown at [C:\src\AOSP-openjdk-git\hotspot\src\share\vm\classfile\systemDictionary.cpp, line 210]

Events (10 events):
Event: 5.619 loading class org/gradle/api/internal/artifacts/repositories/descriptor/UrlRepositoryDescriptor
Event: 5.619 loading class org/gradle/api/internal/artifacts/repositories/descriptor/UrlRepositoryDescriptor done
Event: 5.619 loading class org/gradle/api/internal/artifacts/ModuleVersionPublisher
Event: 5.619 loading class org/gradle/api/internal/artifacts/ModuleVersionPublisher done
Event: 5.620 loading class org/gradle/api/internal/artifacts/repositories/metadata/MetadataSource
Event: 5.620 loading class org/gradle/api/internal/artifacts/repositories/metadata/MetadataSource done
Event: 5.620 loading class org/gradle/api/internal/artifacts/repositories/metadata/ImmutableMetadataSources
Event: 5.620 loading class org/gradle/api/internal/artifacts/repositories/metadata/ImmutableMetadataSources done
Event: 5.620 loading class org/gradle/api/internal/artifacts/repositories/resolver/MavenResolver
Event: 5.620 loading class org/gradle/api/internal/artifacts/repositories/resolver/MavenResolver done


Dynamic libraries:
0x00007ff68a0d0000 - 0x00007ff68a101000 	C:\Program Files\Android\Android Studio\jre\bin\java.exe
0x00007ffcf8980000 - 0x00007ffcf8b70000 	C:\windows\SYSTEM32\ntdll.dll
0x00007ffcf7720000 - 0x00007ffcf77d2000 	C:\windows\System32\KERNEL32.DLL
0x00007ffcf58f0000 - 0x00007ffcf5b95000 	C:\windows\System32\KERNELBASE.dll
0x00007ffcf7600000 - 0x00007ffcf76a3000 	C:\windows\System32\ADVAPI32.dll
0x00007ffcf88a0000 - 0x00007ffcf893e000 	C:\windows\System32\msvcrt.dll
0x00007ffcf83e0000 - 0x00007ffcf8477000 	C:\windows\System32\sechost.dll
0x00007ffcf7950000 - 0x00007ffcf7a6f000 	C:\windows\System32\RPCRT4.dll
0x00007ffcf8240000 - 0x00007ffcf83d4000 	C:\windows\System32\USER32.dll
0x00007ffcf5bf0000 - 0x00007ffcf5c11000 	C:\windows\System32\win32u.dll
0x00007ffcf70e0000 - 0x00007ffcf7106000 	C:\windows\System32\GDI32.dll
0x00007ffcf6660000 - 0x00007ffcf67f8000 	C:\windows\System32\gdi32full.dll
0x00007ffcf6890000 - 0x00007ffcf692e000 	C:\windows\System32\msvcp_win.dll
0x00007ffcf6930000 - 0x00007ffcf6a2a000 	C:\windows\System32\ucrtbase.dll
0x00007ffcdfdd0000 - 0x00007ffce0054000 	C:\windows\WinSxS\amd64_microsoft.windows.common-controls_6595b64144ccf1df_6.0.18362.1500_none_9e79be6de462295c\COMCTL32.dll
0x00007ffcf8480000 - 0x00007ffcf87b6000 	C:\windows\System32\combase.dll
0x00007ffcf6800000 - 0x00007ffcf6881000 	C:\windows\System32\bcryptPrimitives.dll
0x00007ffcf87c0000 - 0x00007ffcf87ee000 	C:\windows\System32\IMM32.DLL
0x000000005b290000 - 0x000000005b362000 	C:\Program Files\Android\Android Studio\jre\jre\bin\msvcr100.dll
0x000000005b370000 - 0x000000005bbbb000 	C:\Program Files\Android\Android Studio\jre\jre\bin\server\jvm.dll
0x00007ffcf77e0000 - 0x00007ffcf77e8000 	C:\windows\System32\PSAPI.DLL
0x00007ffcf3380000 - 0x00007ffcf33a4000 	C:\windows\SYSTEM32\WINMM.dll
0x00007ffcc9b50000 - 0x00007ffcc9b59000 	C:\windows\SYSTEM32\WSOCK32.dll
0x00007ffceedf0000 - 0x00007ffceedfa000 	C:\windows\SYSTEM32\VERSION.dll
0x00007ffcf78e0000 - 0x00007ffcf794f000 	C:\windows\System32\WS2_32.dll
0x00007ffcf2fe0000 - 0x00007ffcf300d000 	C:\windows\SYSTEM32\WINMMBASE.dll
0x00007ffcf6400000 - 0x00007ffcf644a000 	C:\windows\System32\cfgmgr32.dll
0x00007ffcc1c00000 - 0x00007ffcc1c0f000 	C:\Program Files\Android\Android Studio\jre\jre\bin\verify.dll
0x00007ffcc1bd0000 - 0x00007ffcc1bf9000 	C:\Program Files\Android\Android Studio\jre\jre\bin\java.dll
0x00007ffcc1bb0000 - 0x00007ffcc1bc6000 	C:\Program Files\Android\Android Studio\jre\jre\bin\zip.dll
0x00007ffcf7a70000 - 0x00007ffcf8158000 	C:\windows\System32\SHELL32.dll
0x00007ffcf87f0000 - 0x00007ffcf8897000 	C:\windows\System32\shcore.dll
0x00007ffcf5c80000 - 0x00007ffcf63fb000 	C:\windows\System32\windows.storage.dll
0x00007ffcf58b0000 - 0x00007ffcf58ce000 	C:\windows\System32\profapi.dll
0x00007ffcf5860000 - 0x00007ffcf58aa000 	C:\windows\System32\powrprof.dll
0x00007ffcf5830000 - 0x00007ffcf5840000 	C:\windows\System32\UMPDC.dll
0x00007ffcf6a30000 - 0x00007ffcf6a82000 	C:\windows\System32\shlwapi.dll
0x00007ffcf5840000 - 0x00007ffcf5851000 	C:\windows\System32\kernel.appcore.dll
0x00007ffcf5ba0000 - 0x00007ffcf5bb7000 	C:\windows\System32\cryptsp.dll
0x00007ffcc1b90000 - 0x00007ffcc1baa000 	C:\Program Files\Android\Android Studio\jre\jre\bin\net.dll
0x00007ffcf5010000 - 0x00007ffcf5077000 	C:\windows\system32\mswsock.dll
0x00007ffcc1b70000 - 0x00007ffcc1b83000 	C:\Program Files\Android\Android Studio\jre\jre\bin\nio.dll
0x00007ffce8380000 - 0x00007ffce83a6000 	C:\Users\ali_a\.gradle\native\30\windows-amd64\native-platform.dll
0x00007ffcc1b60000 - 0x00007ffcc1b6d000 	C:\Program Files\Android\Android Studio\jre\jre\bin\management.dll
0x00007ffcf4b90000 - 0x00007ffcf4bc3000 	C:\windows\system32\rsaenh.dll
0x00007ffcf5bc0000 - 0x00007ffcf5be6000 	C:\windows\System32\bcrypt.dll
0x00007ffcf5750000 - 0x00007ffcf5775000 	C:\windows\SYSTEM32\USERENV.dll
0x00007ffcf51e0000 - 0x00007ffcf51ec000 	C:\windows\SYSTEM32\CRYPTBASE.dll
0x00007ffcf4d20000 - 0x00007ffcf4d5a000 	C:\windows\SYSTEM32\IPHLPAPI.DLL
0x00007ffcf8160000 - 0x00007ffcf8168000 	C:\windows\System32\NSI.dll
0x00007ffcf4120000 - 0x00007ffcf4136000 	C:\windows\SYSTEM32\dhcpcsvc6.DLL
0x00007ffcf4100000 - 0x00007ffcf411c000 	C:\windows\SYSTEM32\dhcpcsvc.DLL
0x00007ffcf4d60000 - 0x00007ffcf4e2b000 	C:\windows\SYSTEM32\DNSAPI.dll

VM Arguments:
jvm_args: -Xmx1536M -Dfile.encoding=windows-1252 -Duser.country=US -Duser.language=en -Duser.variant 
java_command: org.gradle.launcher.daemon.bootstrap.GradleDaemon 5.6.2
java_class_path (initial): C:\Users\ali_a\.gradle\wrapper\dists\gradle-5.6.2-all\9st6wgf78h16so49nn74lgtbb\gradle-5.6.2\lib\gradle-launcher-5.6.2.jar
Launcher Type: SUN_STANDARD

Environment Variables:
JAVA_HOME=C:\Program Files\Android\Android Studio\jre
CLASSPATH=D:\United Application\United_Mobile_Application\united_app\android\\gradle\wrapper\gradle-wrapper.jar
PATH=C:\Program Files (x86)\Common Files\Oracle\Java\javapath;C:\windows\system32;C:\windows;C:\windows\System32\Wbem;C:\windows\System32\WindowsPowerShell\v1.0\;C:\windows\System32\OpenSSH\;C:\Program Files\Microsoft SQL Server\110\Tools\Binn\;C:\Program Files\nodejs\;C:\Program Files\Git\cmd;C:\src\flutter\bin;C:\Program Files\MySQL\MySQL Shell 8.0\bin\;C:\Users\ali_a\AppData\Local\Microsoft\WindowsApps;C:\Program Files\JetBrains\IntelliJ IDEA Community Edition 2020.1.1\bin;;C:\Users\ali_a\AppData\Roaming\npm;C:\Users\ali_a\AppData\Local\Programs\Microsoft VS Code\bin;C:\src\flutter\bin;
USERNAME=Waqas Ahmed
OS=Windows_NT
PROCESSOR_IDENTIFIER=AMD64 Family 23 Model 24 Stepping 1, AuthenticAMD



---------------  S Y S T E M  ---------------

OS: Windows 10.0 , 64 bit Build 18362 (10.0.18362.1500)

CPU:total 8 (initial active 8) (8 cores per cpu, 1 threads per core) family 23 model 24 stepping 1, cmov, cx8, fxsr, mmx, sse, sse2, sse3, ssse3, sse4.1, sse4.2, popcnt, avx, avx2, aes, clmul, mmxext, 3dnowpref, lzcnt, sse4a, tsc, tscinvbit, tscinv, bmi1

Memory: 4k page, physical 14591708k(989620k free), swap 30393048k(4256k free)

vm_info: OpenJDK 64-Bit Server VM (25.242-b01) for windows-amd64 JRE (1.8.0_242-release-1644-b01), built by "builder" with MS VC++ 10.0 (VS2010)

time: Wed May 19 17:59:43 2021
timezone: Pakistan Standard Time
elapsed time: 5 seconds (0d 0h 0m 5s)

